bash: /home/erzhu419/anaconda3/lib/libtinfo.so.6: no version information available (required by bash)
╔═══════════════════════════════════════════════╗
║  STEP 1: Main Results (3 algo × 4 env)       ║
╚═══════════════════════════════════════════════╝
>>> Starting: bapr_HalfCheetah-v2_8
>>> Starting: escp_HalfCheetah-v2_8
>>> Starting: resac_HalfCheetah-v2_8
>>> Starting: bapr_Hopper-v2_8
<<< Finished: bapr_Hopper-v2_8
>>> Starting: escp_Hopper-v2_8
<<< Finished: escp_Hopper-v2_8
>>> Starting: resac_Hopper-v2_8
<<< Finished: resac_HalfCheetah-v2_8
>>> Starting: bapr_Walker2d-v2_8
>>> Starting: escp_Walker2d-v2_8
<<< Finished: escp_HalfCheetah-v2_8
>>> Starting: resac_Walker2d-v2_8
<<< Finished: bapr_HalfCheetah-v2_8
>>> Starting: bapr_Ant-v2_8
<<< Finished: resac_Hopper-v2_8
>>> Starting: escp_Ant-v2_8
>>> Starting: resac_Ant-v2_8
<<< Finished: resac_Walker2d-v2_8
<<< Finished: escp_Walker2d-v2_8
<<< Finished: bapr_Ant-v2_8
Step 1 complete!
Done!
